2009-06-19 17:13:36 Notice: Notice (8): Undefined property:  CategorieController::$Categorie in [APP/controllers/categorie_controller.php, line 10]
2009-06-19 17:15:21 Notice: Notice (8): Undefined property:  CategorieController::$Categorie in [APP/controllers/categorie_controller.php, line 10]
2009-06-19 17:15:53 Notice: Notice (8): Undefined property:  CategorieController::$Categorie in [APP/controllers/categorie_controller.php, line 9]
2009-06-19 17:18:27 Notice: Notice (8): Undefined property:  CategorieController::$Categorie in [APP/controllers/categorie_controller.php, line 9]
2009-06-19 17:19:15 Notice: Notice (8): Undefined property:  CategorieController::$Categorie in [APP/controllers/categorie_controller.php, line 9]
2009-06-19 17:19:25 Notice: Notice (8): Undefined property:  CategoriesController::$Categories in [APP/controllers/categories_controller.php, line 9]
2009-06-19 17:19:35 Notice: Notice (8): Undefined property:  CategoriesController::$Categories in [APP/controllers/categories_controller.php, line 9]
2009-06-19 17:20:35 Notice: Notice (8): Undefined property:  CategoriesController::$Categorie in [APP/controllers/categories_controller.php, line 9]
2009-06-19 17:21:13 Notice: Notice (8): Undefined property:  CategoriesController::$Categorie in [APP/controllers/categories_controller.php, line 9]
2009-06-19 17:21:48 Notice: Notice (8): Undefined property:  CategoriesController::$Categorie in [APP/controllers/categories_controller.php, line 9]
2009-06-19 19:37:48 Notice: Notice (8): Use of undefined constant ’Русский’ - assumed '’Русский’' in [APP/views/themed/example/posts/index.ctp, line 2]
2009-06-19 19:37:48 Notice: Notice (8): Use of undefined constant ’language’ - assumed '’language’' in [APP/views/themed/example/posts/index.ctp, line 2]
2009-06-19 19:37:48 Notice: Notice (8): Use of undefined constant ’rus’ - assumed '’rus’' in [APP/views/themed/example/posts/index.ctp, line 2]
2009-06-19 19:37:48 Notice: Notice (8): Use of undefined constant ’English’ - assumed '’English’' in [APP/views/themed/example/posts/index.ctp, line 2]
2009-06-19 19:37:48 Notice: Notice (8): Use of undefined constant ’eng’ - assumed '’eng’' in [APP/views/themed/example/posts/index.ctp, line 2]
2009-06-19 19:39:00 Notice: Notice (8): Use of undefined constant ’Русский’ - assumed '’Русский’' in [APP/views/themed/example/posts/index.ctp, line 2]
2009-06-19 19:39:00 Notice: Notice (8): Use of undefined constant ’language’ - assumed '’language’' in [APP/views/themed/example/posts/index.ctp, line 2]
2009-06-19 19:39:00 Notice: Notice (8): Use of undefined constant ’rus’ - assumed '’rus’' in [APP/views/themed/example/posts/index.ctp, line 2]
2009-06-19 19:39:00 Notice: Notice (8): Use of undefined constant ’English’ - assumed '’English’' in [APP/views/themed/example/posts/index.ctp, line 2]
2009-06-19 19:39:00 Notice: Notice (8): Use of undefined constant ’eng’ - assumed '’eng’' in [APP/views/themed/example/posts/index.ctp, line 2]
2009-06-19 19:40:21 Notice: Notice (8): Use of undefined constant ’Русский’ - assumed '’Русский’' in [APP/views/themed/example/posts/index.ctp, line 2]
2009-06-19 19:40:21 Notice: Notice (8): Use of undefined constant ’language’ - assumed '’language’' in [APP/views/themed/example/posts/index.ctp, line 2]
2009-06-19 19:40:21 Notice: Notice (8): Use of undefined constant ’rus’ - assumed '’rus’' in [APP/views/themed/example/posts/index.ctp, line 2]
2009-06-19 19:40:21 Notice: Notice (8): Use of undefined constant ’English’ - assumed '’English’' in [APP/views/themed/example/posts/index.ctp, line 2]
2009-06-19 19:40:21 Notice: Notice (8): Use of undefined constant ’eng’ - assumed '’eng’' in [APP/views/themed/example/posts/index.ctp, line 2]
2009-06-19 19:40:38 Notice: Notice (8): Use of undefined constant ’Русский’ - assumed '’Русский’' in [APP/views/themed/example/posts/index.ctp, line 2]
2009-06-19 19:40:38 Notice: Notice (8): Use of undefined constant ’language’ - assumed '’language’' in [APP/views/themed/example/posts/index.ctp, line 2]
2009-06-19 19:40:38 Notice: Notice (8): Use of undefined constant ’rus’ - assumed '’rus’' in [APP/views/themed/example/posts/index.ctp, line 2]
2009-06-19 19:41:54 Notice: Notice (8): Use of undefined constant ’Русский’ - assumed '’Русский’' in [APP/views/themed/example/posts/index.ctp, line 2]
2009-06-19 19:41:54 Notice: Notice (8): Use of undefined constant ’language’ - assumed '’language’' in [APP/views/themed/example/posts/index.ctp, line 2]
2009-06-19 19:41:54 Notice: Notice (8): Use of undefined constant ’rus’ - assumed '’rus’' in [APP/views/themed/example/posts/index.ctp, line 2]
2009-06-19 20:02:54 Notice: Notice (8): Array to string conversion in [CORE/cake/libs/router.php, line 956]
2009-06-19 20:02:54 Notice: Notice (8): Array to string conversion in [CORE/cake/libs/router.php, line 1060]
2009-06-19 20:15:08 Notice: Notice (8): Undefined variable: post in [APP/views/themed/example/posts/index.ctp, line 8]
2009-06-20 18:20:28 Notice: Notice (8): Undefined variable: languages in [APP/views/themed/example/languages/index.ctp, line 13]
2009-06-20 18:21:47 Notice: Notice (8): Array to string conversion in [CORE/cake/libs/model/datasources/dbo_source.php, line 582]
2009-06-20 18:22:24 Notice: Notice (8): Undefined variable: languages in [APP/views/themed/example/languages/index.ctp, line 13]
2009-06-20 18:22:39 Notice: Notice (8): Undefined variable: languages in [APP/views/themed/example/languages/index.ctp, line 13]
2009-06-20 18:23:47 Notice: Notice (8): Undefined variable: language in [APP/views/themed/example/languages/view.ctp, line 1]
2009-06-20 18:23:47 Notice: Notice (8): Undefined variable: language in [APP/views/themed/example/languages/view.ctp, line 3]
2009-06-20 18:23:47 Notice: Notice (8): Undefined variable: language in [APP/views/themed/example/languages/view.ctp, line 5]
2009-06-20 18:23:47 Notice: Notice (8): Undefined variable: language in [APP/views/themed/example/languages/view.ctp, line 1]
2009-06-20 18:23:47 Notice: Notice (8): Undefined variable: language in [APP/views/themed/example/languages/view.ctp, line 3]
2009-06-20 18:23:47 Notice: Notice (8): Undefined variable: language in [APP/views/themed/example/languages/view.ctp, line 5]
2009-06-20 18:24:23 Notice: Notice (8): Undefined variable: language in [APP/views/themed/example/languages/view.ctp, line 1]
2009-06-20 18:24:23 Notice: Notice (8): Undefined variable: language in [APP/views/themed/example/languages/view.ctp, line 3]
2009-06-20 18:24:23 Notice: Notice (8): Undefined variable: language in [APP/views/themed/example/languages/view.ctp, line 5]
2009-06-20 18:24:23 Notice: Notice (8): Undefined variable: language in [APP/views/themed/example/languages/view.ctp, line 1]
2009-06-20 18:24:23 Notice: Notice (8): Undefined variable: language in [APP/views/themed/example/languages/view.ctp, line 3]
2009-06-20 18:24:23 Notice: Notice (8): Undefined variable: language in [APP/views/themed/example/languages/view.ctp, line 5]
2009-06-20 18:24:24 Notice: Notice (8): Undefined variable: language in [APP/views/themed/example/languages/view.ctp, line 1]
2009-06-20 18:24:24 Notice: Notice (8): Undefined variable: language in [APP/views/themed/example/languages/view.ctp, line 3]
2009-06-20 18:24:24 Notice: Notice (8): Undefined variable: language in [APP/views/themed/example/languages/view.ctp, line 5]
2009-06-20 18:24:24 Notice: Notice (8): Undefined variable: language in [APP/views/themed/example/languages/view.ctp, line 1]
2009-06-20 18:24:24 Notice: Notice (8): Undefined variable: language in [APP/views/themed/example/languages/view.ctp, line 3]
2009-06-20 18:24:24 Notice: Notice (8): Undefined variable: language in [APP/views/themed/example/languages/view.ctp, line 5]
2009-06-20 18:24:27 Notice: Notice (8): Undefined variable: languages in [APP/views/themed/example/languages/index.ctp, line 13]
2009-06-20 18:28:03 Notice: Notice (8): Undefined variable: languages in [APP/views/themed/example/languages/index.ctp, line 13]
2009-06-20 18:28:05 Notice: Notice (8): Undefined variable: languages in [APP/views/themed/example/languages/index.ctp, line 13]
2009-06-20 18:28:06 Notice: Notice (8): Undefined variable: languages in [APP/views/themed/example/languages/index.ctp, line 13]
2009-06-20 18:28:20 Notice: Notice (8): Undefined variable: languages in [APP/views/themed/example/languages/index.ctp, line 13]
2009-06-20 18:29:34 Notice: Notice (8): Undefined variable: languages in [APP/views/themed/example/languages/index.ctp, line 12]
2009-06-20 18:29:34 Notice: Notice (8): Undefined variable: languages in [APP/views/themed/example/languages/index.ctp, line 14]
2009-06-20 18:30:10 Notice: Notice (8): Undefined property:  LanguagesController::$Language in [APP/controllers/languages_controller.php, line 8]
2009-06-20 18:30:31 Notice: Notice (8): Undefined variable: posts in [APP/views/themed/example/languages/index.ctp, line 12]
2009-06-20 18:30:31 Notice: Notice (8): Undefined variable: languages in [APP/views/themed/example/languages/index.ctp, line 14]
2009-06-20 18:32:14 Notice: Notice (8): Undefined variable: languages in [APP/views/themed/example/languages/index.ctp, line 13]
2009-06-20 18:33:46 Notice: Notice (8): Undefined variable: language in [APP/views/themed/example/languages/index.ctp, line 13]
2009-06-20 18:33:54 Notice: Notice (8): Undefined variable: languages in [APP/views/themed/example/languages/index.ctp, line 13]
2009-06-20 18:36:09 Notice: Notice (8): Undefined variable: languages in [APP/views/themed/example/languages/index.ctp, line 13]
2009-06-20 18:36:12 Notice: Notice (8): Undefined variable: languages in [APP/views/themed/example/languages/index.ctp, line 13]
2009-06-20 18:36:13 Notice: Notice (8): Undefined variable: languages in [APP/views/themed/example/languages/index.ctp, line 13]
2009-06-20 18:38:53 Notice: Notice (8): Undefined variable: languages in [APP/views/themed/example/languages/index.ctp, line 13]
2009-06-20 18:40:16 Notice: Notice (8): Undefined property:  PostsController::$Post in [APP/controllers/posts_controller.php, line 8]
2009-06-20 18:46:57 Notice: Notice (8): Undefined property:  PostsController::$Post in [APP/controllers/posts_controller.php, line 8]
2009-06-20 19:01:28 Notice: Notice (8): Undefined property:  PostsController::$Post in [APP/controllers/posts_controller.php, line 8]
2009-06-20 19:01:35 Notice: Notice (8): Undefined property:  PostsController::$Post in [APP/controllers/posts_controller.php, line 8]
2009-06-20 19:05:54 Notice: Notice (8): Undefined property:  ThemeView::$Language in [APP/views/themed/example/posts/index.ctp, line 11]
2009-06-20 19:13:42 Notice: Notice (8): Undefined variable: language in [APP/views/themed/example/posts/index.ctp, line 11]
2009-06-20 19:14:49 Notice: Notice (8): Undefined variable: language in [APP/views/themed/example/posts/index.ctp, line 11]
2009-06-20 19:16:05 Notice: Notice (8): Undefined property:  PostsController::$Language in [APP/controllers/posts_controller.php, line 8]
2009-06-20 19:16:32 Notice: Notice (8): Undefined index:  code in [APP/views/themed/example/posts/index.ctp, line 11]
2009-06-20 19:18:37 Notice: Notice (8): Undefined index:  Language in [APP/controllers/components/language.php, line 21]
2009-06-20 19:18:37 Notice: Notice (8): Undefined index:  Language in [APP/controllers/components/language.php, line 21]
2009-06-20 19:22:25 Notice: Notice (8): Undefined variable: languages in [APP/views/themed/example/posts/index.ctp, line 11]
2009-06-20 19:23:18 Notice: Notice (8): Undefined variable: languages in [APP/views/themed/example/posts/index.ctp, line 11]
2009-06-20 19:23:34 Notice: Notice (8): Undefined variable: languages in [APP/views/themed/example/posts/index.ctp, line 11]
2009-06-20 19:25:13 Notice: Notice (8): Undefined variable: languages in [APP/views/themed/example/posts/index.ctp, line 11]
2009-06-20 19:26:28 Notice: Notice (8): Undefined index:  name in [APP/views/themed/example/posts/index.ctp, line 12]
2009-06-20 19:26:38 Notice: Notice (8): Undefined index:  code in [APP/views/themed/example/posts/index.ctp, line 12]
2009-06-20 19:41:16 Notice: Notice (8): Undefined variable: languages in [APP/views/themed/example/languages/add.ctp, line 9]
2009-06-20 19:44:20 Notice: Notice (8): Undefined variable: languages in [APP/views/themed/example/languages/add.ctp, line 9]
2009-06-20 19:44:20 Notice: Notice (8): Undefined variable: i in [APP/views/themed/example/languages/add.ctp, line 15]
2009-06-20 19:44:20 Notice: Notice (8): Undefined variable: languages in [APP/views/themed/example/languages/add.ctp, line 15]
2009-06-20 19:44:35 Notice: Notice (8): Undefined variable: languages in [APP/views/themed/example/languages/add.ctp, line 9]
2009-06-20 19:44:35 Notice: Notice (8): Undefined variable: i in [APP/views/themed/example/languages/add.ctp, line 15]
2009-06-20 19:44:35 Notice: Notice (8): Undefined variable: languages in [APP/views/themed/example/languages/add.ctp, line 15]
2009-06-20 19:44:51 Notice: Notice (8): Undefined variable: languages in [APP/views/themed/example/languages/add.ctp, line 9]
2009-06-20 20:32:33 Notice: Notice (8): Undefined variable: posts in [APP/views/themed/example/posts/index.ctp, line 13]
2009-06-20 20:47:16 Notice: Notice (8): Undefined offset:  0 in [APP/controllers/components/language.php, line 37]
2009-06-20 20:47:16 Notice: Notice (8): Undefined offset:  0 in [APP/controllers/components/language.php, line 37]
2009-06-20 20:47:33 Notice: Notice (8): Undefined offset:  0 in [APP/views/themed/example/posts/add.ctp, line 10]
2009-06-20 20:47:33 Notice: Notice (8): Undefined offset:  0 in [APP/views/themed/example/posts/add.ctp, line 12]
2009-06-20 20:47:33 Notice: Notice (8): Undefined offset:  0 in [APP/views/themed/example/posts/add.ctp, line 13]
2009-06-20 20:48:32 Notice: Notice (8): Undefined offset:  0 in [APP/controllers/components/language.php, line 37]
2009-06-21 16:46:19 Notice: Notice (8): Undefined variable: languages in [APP/views/themed/example/languages/index.ctp, line 13]
2009-06-21 16:46:21 Notice: Notice (8): Undefined variable: languages in [APP/views/themed/example/languages/index.ctp, line 13]
2009-06-21 16:57:44 Notice: Notice (8): Undefined property:  PostsController::$Language in [APP/controllers/posts_controller.php, line 18]
2009-06-21 16:57:45 Notice: Notice (8): Undefined property:  PostsController::$Language in [APP/controllers/posts_controller.php, line 18]
2009-06-21 17:06:39 Notice: Notice (8): Undefined variable: configuration in [APP/controllers/components/configuration.php, line 38]
2009-06-21 17:06:39 Notice: Notice (8): Undefined variable: language in [APP/views/themed/example/posts/index.ctp, line 13]
2009-06-21 17:06:39 Notice: Notice (8): Undefined variable: configuration in [APP/controllers/components/configuration.php, line 38]
2009-06-21 17:06:39 Notice: Notice (8): Undefined variable: language in [APP/views/themed/example/posts/index.ctp, line 13]
2009-06-21 17:07:02 Notice: Notice (8): Undefined variable: language in [APP/views/themed/example/posts/index.ctp, line 13]
2009-06-21 17:07:13 Notice: Notice (8): Undefined variable: configuration in [APP/views/themed/example/posts/index.ctp, line 13]
2009-06-21 17:10:24 Notice: Notice (8): Undefined index:  Configuration in [APP/controllers/components/configuration.php, line 42]
2009-06-21 17:10:25 Notice: Notice (8): Undefined index:  Configuration in [APP/controllers/components/configuration.php, line 42]
2009-06-21 17:12:21 Notice: Notice (8): Undefined variable: language in [APP/controllers/components/configuration.php, line 41]
2009-06-21 17:12:21 Notice: Notice (8): Undefined variable: language in [APP/controllers/components/configuration.php, line 41]
2009-06-21 17:12:38 Notice: Notice (8): Undefined offset:  1 in [APP/controllers/components/configuration.php, line 42]
2009-06-21 17:12:39 Notice: Notice (8): Undefined offset:  1 in [APP/controllers/components/configuration.php, line 42]
2009-06-21 17:13:34 Notice: Notice (8): Undefined offset:  0 in [APP/controllers/components/configuration.php, line 39]
2009-06-21 17:13:34 Notice: Notice (8): Undefined offset:  0 in [APP/controllers/components/configuration.php, line 39]
2009-06-21 17:14:29 Notice: Notice (8): Undefined offset:  1 in [APP/controllers/components/configuration.php, line 42]
2009-06-21 17:14:29 Notice: Notice (8): Undefined offset:  1 in [APP/controllers/components/configuration.php, line 42]
2009-06-21 17:16:18 Notice: Notice (8): Undefined index:  cfgKey in [APP/controllers/components/configuration.php, line 43]
2009-06-21 17:16:18 Notice: Notice (8): Undefined index:  cfgValue in [APP/controllers/components/configuration.php, line 43]
2009-06-21 17:16:18 Notice: Notice (8): Undefined offset:  1 in [APP/controllers/components/configuration.php, line 42]
2009-06-21 17:16:18 Notice: Notice (8): Constant  already defined in [APP/controllers/components/configuration.php, line 43]
2009-06-21 17:16:19 Notice: Notice (8): Undefined index:  cfgKey in [APP/controllers/components/configuration.php, line 43]
2009-06-21 17:16:19 Notice: Notice (8): Undefined index:  cfgValue in [APP/controllers/components/configuration.php, line 43]
2009-06-21 17:16:19 Notice: Notice (8): Undefined offset:  1 in [APP/controllers/components/configuration.php, line 42]
2009-06-21 17:16:19 Notice: Notice (8): Constant  already defined in [APP/controllers/components/configuration.php, line 43]
2009-06-21 17:16:26 Notice: Notice (8): Undefined offset:  1 in [APP/controllers/components/configuration.php, line 42]
2009-06-21 17:16:27 Notice: Notice (8): Undefined offset:  1 in [APP/controllers/components/configuration.php, line 42]
2009-06-21 17:16:34 Notice: Notice (8): Undefined offset:  2 in [APP/controllers/components/configuration.php, line 42]
2009-06-21 17:16:35 Notice: Notice (8): Undefined offset:  2 in [APP/controllers/components/configuration.php, line 42]
2009-06-21 17:18:20 Notice: Notice (8): Undefined index:  configuration_name in [APP/controllers/components/configuration.php, line 43]
2009-06-21 17:18:20 Notice: Notice (8): Constant  already defined in [APP/controllers/components/configuration.php, line 43]
2009-06-21 17:18:20 Notice: Notice (8): Undefined index:  configuration_name in [APP/controllers/components/configuration.php, line 43]
2009-06-21 17:18:20 Notice: Notice (8): Constant  already defined in [APP/controllers/components/configuration.php, line 43]
2009-06-21 17:18:37 Notice: Notice (8): Undefined index:  configuration_name in [APP/controllers/components/configuration.php, line 43]
2009-06-21 17:18:37 Notice: Notice (8): Constant  already defined in [APP/controllers/components/configuration.php, line 43]
2009-06-21 17:18:38 Notice: Notice (8): Undefined index:  configuration_name in [APP/controllers/components/configuration.php, line 43]
2009-06-21 17:18:38 Notice: Notice (8): Constant  already defined in [APP/controllers/components/configuration.php, line 43]
2009-06-21 17:18:55 Notice: Notice (8): Undefined offset:  0 in [APP/controllers/components/configuration.php, line 43]
2009-06-21 17:18:55 Notice: Notice (8): Undefined offset:  1 in [APP/controllers/components/configuration.php, line 42]
2009-06-21 17:18:55 Notice: Notice (8): Constant  already defined in [APP/controllers/components/configuration.php, line 43]
2009-06-21 17:18:55 Notice: Notice (8): Undefined offset:  0 in [APP/controllers/components/configuration.php, line 43]
2009-06-21 17:18:55 Notice: Notice (8): Undefined offset:  1 in [APP/controllers/components/configuration.php, line 42]
2009-06-21 17:18:55 Notice: Notice (8): Constant  already defined in [APP/controllers/components/configuration.php, line 43]
2009-06-21 17:19:40 Notice: Notice (8): Undefined offset:  0 in [APP/controllers/components/configuration.php, line 43]
2009-06-21 17:19:40 Notice: Notice (8): Undefined offset:  1 in [APP/controllers/components/configuration.php, line 42]
2009-06-21 17:19:40 Notice: Notice (8): Undefined offset:  0 in [APP/controllers/components/configuration.php, line 43]
2009-06-21 17:19:40 Notice: Notice (8): Undefined offset:  1 in [APP/controllers/components/configuration.php, line 42]
2009-06-21 17:20:02 Notice: Notice (8): Undefined index:  configuration_name in [APP/controllers/components/configuration.php, line 42]
2009-06-21 17:20:02 Notice: Notice (8): Undefined index:  configuration_name in [APP/controllers/components/configuration.php, line 42]
2009-06-21 17:20:31 Notice: Notice (8): Undefined index:  configuration_name in [APP/controllers/components/configuration.php, line 42]
2009-06-21 17:20:31 Notice: Notice (8): Undefined index:  configuration_name in [APP/controllers/components/configuration.php, line 42]
2009-06-21 17:20:47 Notice: Notice (8): Undefined index:  configuration_name in [APP/controllers/components/configuration.php, line 42]
2009-06-21 17:20:48 Notice: Notice (8): Undefined index:  configuration_name in [APP/controllers/components/configuration.php, line 42]
2009-06-21 17:20:57 Notice: Notice (8): Undefined index:  configuration_name in [APP/controllers/components/configuration.php, line 42]
2009-06-21 17:41:58 Notice: Notice (8): Undefined property:  Language::$enabled in [CORE/cake/libs/controller/component.php, line 111]
2009-06-21 17:41:58 Notice: Notice (8): Undefined property:  Language::$enabled in [CORE/cake/libs/controller/component.php, line 127]
2009-06-21 17:41:58 Notice: Notice (8): Undefined property:  Language::$enabled in [CORE/cake/libs/controller/component.php, line 111]
2009-06-21 17:41:58 Notice: Notice (8): Undefined property:  Language::$enabled in [CORE/cake/libs/controller/component.php, line 127]
2009-06-21 17:47:25 Notice: Notice (8): Undefined property:  Language::$enabled in [CORE/cake/libs/controller/component.php, line 111]
2009-06-21 17:47:25 Notice: Notice (8): Undefined property:  Language::$enabled in [CORE/cake/libs/controller/component.php, line 127]
2009-06-21 17:47:25 Notice: Notice (8): Undefined property:  Language::$enabled in [CORE/cake/libs/controller/component.php, line 111]
2009-06-21 17:47:25 Notice: Notice (8): Undefined property:  Language::$enabled in [CORE/cake/libs/controller/component.php, line 127]
2009-06-21 17:50:04 Notice: Notice (8): Undefined property:  Language::$enabled in [CORE/cake/libs/controller/component.php, line 111]
2009-06-21 17:50:04 Notice: Notice (8): Undefined property:  Language::$enabled in [CORE/cake/libs/controller/component.php, line 127]
2009-06-21 17:50:04 Notice: Notice (8): Undefined property:  Language::$enabled in [CORE/cake/libs/controller/component.php, line 111]
2009-06-21 17:50:04 Notice: Notice (8): Undefined property:  Language::$enabled in [CORE/cake/libs/controller/component.php, line 127]
2009-06-21 18:37:50 Notice: Notice (8): Undefined property:  Configuration::$enabled in [CORE/cake/libs/controller/component.php, line 111]
2009-06-21 18:37:50 Notice: Notice (8): Undefined property:  Configuration::$enabled in [CORE/cake/libs/controller/component.php, line 127]
