2009-06-20 18:20:28 Warning: Warning (2): Invalid argument supplied for foreach() in [APP/views/themed/example/languages/index.ctp, line 13]
2009-06-20 18:21:47 Warning: Warning (512): <span style = "color:Red;text-align:left"><b>SQL Error:</b> 1054: Unknown column 'Array' in 'field list'</span> in [CORE/cake/libs/model/datasources/dbo_source.php, line 525]
2009-06-20 18:22:24 Warning: Warning (2): Invalid argument supplied for foreach() in [APP/views/themed/example/languages/index.ctp, line 13]
2009-06-20 18:22:39 Warning: Warning (2): Invalid argument supplied for foreach() in [APP/views/themed/example/languages/index.ctp, line 13]
2009-06-20 18:24:27 Warning: Warning (2): Invalid argument supplied for foreach() in [APP/views/themed/example/languages/index.ctp, line 13]
2009-06-20 18:28:03 Warning: Warning (2): Invalid argument supplied for foreach() in [APP/views/themed/example/languages/index.ctp, line 13]
2009-06-20 18:28:05 Warning: Warning (2): Invalid argument supplied for foreach() in [APP/views/themed/example/languages/index.ctp, line 13]
2009-06-20 18:28:06 Warning: Warning (2): Invalid argument supplied for foreach() in [APP/views/themed/example/languages/index.ctp, line 13]
2009-06-20 18:28:20 Warning: Warning (2): Invalid argument supplied for foreach() in [APP/views/themed/example/languages/index.ctp, line 13]
2009-06-20 18:29:34 Warning: Warning (2): Invalid argument supplied for foreach() in [APP/views/themed/example/languages/index.ctp, line 14]
2009-06-20 18:30:31 Warning: Warning (2): Invalid argument supplied for foreach() in [APP/views/themed/example/languages/index.ctp, line 14]
2009-06-20 18:32:14 Warning: Warning (2): Invalid argument supplied for foreach() in [APP/views/themed/example/languages/index.ctp, line 13]
2009-06-20 18:33:46 Warning: Warning (2): Invalid argument supplied for foreach() in [APP/views/themed/example/languages/index.ctp, line 13]
2009-06-20 18:33:54 Warning: Warning (2): Invalid argument supplied for foreach() in [APP/views/themed/example/languages/index.ctp, line 13]
2009-06-20 18:36:09 Warning: Warning (2): Invalid argument supplied for foreach() in [APP/views/themed/example/languages/index.ctp, line 13]
2009-06-20 18:36:12 Warning: Warning (2): Invalid argument supplied for foreach() in [APP/views/themed/example/languages/index.ctp, line 13]
2009-06-20 18:36:13 Warning: Warning (2): Invalid argument supplied for foreach() in [APP/views/themed/example/languages/index.ctp, line 13]
2009-06-20 18:38:53 Warning: Warning (2): Invalid argument supplied for foreach() in [APP/views/themed/example/languages/index.ctp, line 13]
2009-06-20 19:22:25 Warning: Warning (2): Invalid argument supplied for foreach() in [APP/views/themed/example/posts/index.ctp, line 11]
2009-06-20 19:23:18 Warning: Warning (2): Invalid argument supplied for foreach() in [APP/views/themed/example/posts/index.ctp, line 11]
2009-06-20 19:23:34 Warning: Warning (2): Invalid argument supplied for foreach() in [APP/views/themed/example/posts/index.ctp, line 11]
2009-06-20 19:44:20 Warning: Warning (2): Invalid argument supplied for foreach() in [APP/views/themed/example/languages/add.ctp, line 9]
2009-06-20 19:44:35 Warning: Warning (2): Invalid argument supplied for foreach() in [APP/views/themed/example/languages/add.ctp, line 9]
2009-06-20 19:44:51 Warning: Warning (2): Invalid argument supplied for foreach() in [APP/views/themed/example/languages/add.ctp, line 9]
2009-06-20 20:31:40 Error: Fatal Error (256): Association titleTranslation is already binded to model Post in [CORE/cake/libs/model/behaviors/translate.php, line 434]
2009-06-20 20:32:03 Error: Fatal Error (256): Association titleTranslation is already binded to model Post in [CORE/cake/libs/model/behaviors/translate.php, line 434]
2009-06-20 20:32:33 Warning: Warning (2): Invalid argument supplied for foreach() in [APP/views/themed/example/posts/index.ctp, line 13]
2009-06-20 20:36:46 Error: Fatal Error (256): Association titleTranslation is already binded to model Post in [CORE/cake/libs/model/behaviors/translate.php, line 434]
2009-06-21 16:46:19 Warning: Warning (2): Invalid argument supplied for foreach() in [APP/views/themed/example/languages/index.ctp, line 13]
2009-06-21 16:46:21 Warning: Warning (2): Invalid argument supplied for foreach() in [APP/views/themed/example/languages/index.ctp, line 13]
